TN:
SF:packages/datezone/cache.ts
FNF:4
FNH:4
DA:1,32
DA:3,15
DA:5,40
DA:6,38
DA:7,48
DA:10,6
DA:11,10
DA:12,6
DA:13,3
DA:14,39
DA:15,18
DA:16,22
DA:17,34
DA:18,2
DA:20,34
DA:21,29
DA:22,14
DA:23,66
DA:24,24
DA:25,2
DA:26,11
DA:30,31
DA:32,6
DA:33,8
DA:34,6
DA:35,3
DA:36,35
DA:37,45
DA:38,20
DA:39,24
DA:40,40
DA:41,2
DA:42,31
DA:43,14
DA:44,48
DA:45,26
DA:46,2
DA:47,10
LF:49
LH:38
end_of_record
TN:
SF:packages/datezone/compare.ts
FNF:15
FNH:15
DA:1,42
DA:3,55
DA:4,51
DA:16,14
DA:17,40
DA:23,23
DA:24,44
DA:25,47
DA:28,6
DA:29,6
DA:30,7
DA:31,5
DA:32,10
DA:33,3
DA:34,44
DA:35,65
DA:41,23
DA:42,44
DA:43,46
DA:44,45
DA:45,35
DA:51,23
DA:52,44
DA:53,47
DA:54,45
DA:55,36
DA:61,13
DA:62,25
DA:63,16
DA:69,13
DA:70,25
DA:71,16
DA:77,23
DA:78,38
DA:79,30
DA:85,19
DA:86,17
DA:92,19
DA:93,17
DA:99,19
DA:100,19
DA:106,6
DA:107,5
DA:108,5
DA:109,10
DA:110,3
DA:111,43
DA:112,43
DA:113,25
DA:119,6
DA:120,5
DA:121,5
DA:122,10
DA:123,3
DA:124,40
DA:125,40
DA:127,71
DA:128,71
DA:130,33
DA:136,6
DA:137,5
DA:138,5
DA:139,10
DA:140,3
DA:141,48
DA:142,48
DA:143,52
DA:149,6
DA:150,5
DA:151,5
DA:152,10
DA:153,3
DA:154,48
DA:155,48
DA:156,26
LF:158
LH:75
end_of_record
TN:
SF:packages/datezone/constants.ts
FNF:1
FNH:1
DA:4,27
DA:9,28
DA:14,28
DA:19,28
DA:24,29
LF:25
LH:5
end_of_record
TN:
SF:packages/datezone/day.ts
FNF:20
FNH:20
DA:1,54
DA:2,37
DA:3,60
DA:4,45
DA:5,73
DA:6,43
DA:15,6
DA:16,4
DA:17,6
DA:18,10
DA:19,3
DA:20,19
DA:21,22
DA:22,2
DA:23,25
DA:24,22
DA:25,2
DA:27,26
DA:28,22
DA:29,2
DA:31,64
DA:32,36
DA:34,27
DA:35,6
DA:36,7
DA:37,12
DA:38,6
DA:39,8
DA:40,8
DA:41,13
DA:42,8
DA:43,2
DA:55,6
DA:56,6
DA:57,7
DA:58,5
DA:59,6
DA:60,10
DA:61,3
DA:62,74
DA:72,6
DA:73,4
DA:74,6
DA:75,10
DA:76,3
DA:77,36
DA:89,6
DA:90,6
DA:91,7
DA:92,5
DA:93,6
DA:94,10
DA:95,3
DA:96,74
DA:105,23
DA:107,19
DA:108,27
DA:109,27
DA:110,18
DA:111,2
DA:113,25
DA:114,27
DA:115,30
DA:116,18
DA:117,2
DA:119,26
DA:120,70
DA:121,43
DA:124,37
DA:125,35
DA:128,30
DA:131,29
DA:132,2
DA:134,65
DA:135,50
DA:146,6
DA:147,6
DA:148,7
DA:149,5
DA:150,4
DA:151,3
DA:152,61
DA:161,23
DA:162,19
DA:163,27
DA:164,32
DA:165,18
DA:166,2
DA:167,25
DA:168,27
DA:169,35
DA:170,18
DA:171,2
DA:173,26
DA:174,70
DA:175,43
DA:178,37
DA:179,35
DA:182,35
DA:185,29
DA:186,2
DA:188,65
DA:189,48
DA:200,6
DA:201,6
DA:202,7
DA:203,5
DA:204,4
DA:205,3
DA:206,66
DA:215,23
DA:216,19
DA:217,27
DA:218,27
DA:219,24
DA:220,2
DA:221,25
DA:222,27
DA:223,30
DA:224,24
DA:225,2
DA:227,26
DA:228,53
DA:229,28
DA:230,2
DA:232,65
DA:233,47
DA:244,6
DA:245,6
DA:246,7
DA:247,5
DA:248,4
DA:249,3
DA:250,65
DA:259,23
DA:261,19
DA:262,27
DA:263,27
DA:264,24
DA:265,2
DA:268,25
DA:269,27
DA:270,30
DA:271,24
DA:272,2
DA:275,26
DA:276,53
DA:277,28
DA:278,2
DA:281,65
DA:282,51
DA:293,6
DA:294,6
DA:295,7
DA:296,5
DA:297,4
DA:298,3
DA:299,65
DA:308,17
DA:309,13
DA:310,27
DA:311,18
DA:312,2
DA:313,19
DA:314,27
DA:315,21
DA:316,2
DA:317,20
DA:318,64
DA:319,43
DA:320,37
DA:321,35
DA:322,21
DA:323,2
DA:324,46
DA:325,11
DA:335,17
DA:337,13
DA:338,38
DA:339,23
DA:340,2
DA:342,19
DA:343,41
DA:344,24
DA:345,2
DA:347,20
DA:348,64
DA:349,43
DA:352,37
DA:353,35
DA:356,30
DA:357,23
DA:358,2
DA:361,59
DA:362,39
DA:372,6
DA:373,6
DA:374,7
DA:375,5
DA:376,3
DA:378,16
DA:379,15
DA:380,15
DA:381,12
DA:382,9
DA:383,2
DA:384,20
DA:385,32
DA:386,11
DA:387,6
DA:388,31
DA:389,4
DA:390,20
DA:391,20
DA:392,9
DA:393,4
DA:396,23
DA:405,17
DA:407,13
DA:408,27
DA:409,68
DA:410,2
DA:412,19
DA:413,27
DA:414,21
DA:415,20
DA:416,21
DA:417,14
DA:418,1
DA:419,2
DA:421,20
DA:422,64
DA:423,43
DA:426,37
DA:427,35
DA:430,21
DA:431,20
DA:432,21
DA:433,14
DA:434,1
DA:435,2
DA:437,59
DA:438,39
DA:441,6
DA:442,6
DA:443,7
DA:444,5
DA:445,3
DA:446,23
DA:447,7
DA:448,32
DA:449,7
DA:450,7
DA:451,7
DA:452,7
DA:453,7
DA:454,7
DA:455,7
DA:456,7
DA:457,7
DA:458,4
DA:459,4
DA:460,14
DA:461,39
DA:462,22
DA:463,2
DA:464,13
DA:465,11
DA:475,6
DA:476,8
DA:477,6
DA:478,5
DA:479,3
DA:480,50
DA:481,20
DA:482,15
DA:483,5
DA:485,34
DA:486,58
DA:495,23
DA:496,50
DA:497,20
DA:498,17
DA:499,17
DA:500,5
DA:501,72
DA:502,7
DA:503,51
DA:504,11
LF:507
LH:289
end_of_record
TN:
SF:packages/datezone/format-parts.ts
FNF:1
FNH:1
DA:1,48
DA:4,25
DA:5,17
DA:6,18
DA:7,16
DA:8,25
DA:9,20
DA:10,19
DA:11,20
DA:12,16
DA:13,2
DA:30,5
DA:32,1
DA:33,6
DA:34,10
DA:35,6
DA:36,3
DA:37,55
DA:38,46
DA:39,20
DA:42,30
DA:43,29
DA:44,43
DA:45,2
DA:46,2
DA:49,31
DA:50,38
DA:51,2
DA:53,13
LF:55
LH:29
end_of_record
TN:
SF:packages/datezone/format/formatters.ts
FNF:164
FNH:119
DA:1,87
DA:7,38
DA:8,43
DA:9,46
DA:12,58
DA:13,37
DA:14,84
DA:34,7
DA:35,60
DA:37,7
DA:38,11
DA:40,7
DA:41,11
DA:43,7
DA:44,52
DA:46,7
DA:47,30
DA:53,7
DA:54,25
DA:55,39
DA:57,7
DA:58,25
DA:59,51
DA:61,7
DA:62,25
DA:63,43
DA:65,7
DA:66,25
DA:67,49
DA:69,0
DA:70,0
DA:73,7
DA:74,25
DA:75,55
DA:81,7
DA:82,20
DA:83,2
DA:84,26
DA:86,7
DA:87,35
DA:89,7
DA:90,29
DA:92,7
DA:93,29
DA:95,0
DA:98,7
DA:99,41
DA:105,7
DA:106,20
DA:107,0
DA:108,0
DA:109,0
DA:110,2
DA:111,9
DA:112,67
DA:113,5
DA:114,1
DA:116,7
DA:117,16
DA:118,73
DA:119,1
DA:120,1
DA:122,7
DA:123,16
DA:124,67
DA:125,1
DA:126,1
DA:128,7
DA:129,16
DA:130,67
DA:131,1
DA:132,1
DA:134,7
DA:135,16
DA:136,67
DA:137,5
DA:138,1
DA:144,7
DA:145,24
DA:147,7
DA:148,39
DA:150,7
DA:151,39
DA:153,7
DA:154,39
DA:156,7
DA:157,43
DA:163,7
DA:164,34
DA:166,7
DA:167,51
DA:169,7
DA:170,39
DA:172,7
DA:173,32
DA:175,7
DA:176,64
DA:178,7
DA:179,34
DA:185,7
DA:186,34
DA:188,7
DA:189,51
DA:191,7
DA:192,39
DA:194,7
DA:195,32
DA:197,7
DA:198,64
DA:200,7
DA:201,34
DA:207,7
DA:208,25
DA:210,7
DA:211,42
DA:213,7
DA:214,30
DA:216,7
DA:217,50
DA:219,7
DA:220,49
DA:222,7
DA:223,51
DA:229,7
DA:230,25
DA:232,7
DA:233,42
DA:235,7
DA:236,30
DA:238,7
DA:239,50
DA:241,7
DA:242,49
DA:244,7
DA:245,51
DA:251,7
DA:252,70
DA:254,7
DA:255,21
DA:256,57
DA:257,8
DA:258,1
DA:260,7
DA:261,75
DA:267,0
DA:270,0
DA:271,0
DA:272,0
DA:273,0
DA:276,0
DA:283,7
DA:284,23
DA:286,7
DA:288,21
DA:289,30
DA:290,39
DA:291,22
DA:292,44
DA:293,37
DA:294,2
DA:295,33
DA:297,7
DA:298,28
DA:304,7
DA:305,61
DA:307,7
DA:308,21
DA:309,48
DA:310,8
DA:311,1
DA:313,7
DA:314,66
DA:316,7
DA:317,66
DA:319,7
DA:320,70
DA:326,7
DA:327,19
DA:328,0
DA:329,0
DA:330,0
DA:331,0
DA:332,2
DA:333,12
DA:334,10
DA:335,9
DA:336,46
DA:337,1
DA:339,7
DA:340,11
DA:342,7
DA:343,11
DA:345,7
DA:346,19
DA:347,10
DA:348,8
DA:349,46
DA:350,1
DA:352,7
DA:353,19
DA:354,10
DA:355,10
DA:356,46
DA:357,1
DA:359,7
DA:360,19
DA:361,10
DA:362,9
DA:363,46
DA:364,13
DA:370,0
DA:373,0
DA:374,0
DA:375,0
DA:376,0
DA:379,0
DA:382,0
DA:383,0
DA:384,0
DA:385,0
DA:386,0
DA:389,0
DA:390,0
DA:391,0
DA:392,0
DA:393,0
DA:396,0
DA:397,0
DA:398,0
DA:399,0
DA:400,0
DA:403,0
DA:404,0
DA:405,0
DA:406,0
DA:407,0
DA:414,0
DA:417,0
DA:418,0
DA:419,0
DA:420,0
DA:423,0
DA:426,0
DA:427,0
DA:428,0
DA:429,0
DA:430,0
DA:433,0
DA:434,0
DA:435,0
DA:436,0
DA:437,0
DA:440,0
DA:441,0
DA:442,0
DA:443,0
DA:444,0
DA:447,0
DA:448,0
DA:449,0
DA:450,0
DA:451,0
DA:458,0
DA:461,0
DA:462,0
DA:463,0
DA:464,0
DA:467,0
DA:470,0
DA:471,0
DA:472,0
DA:473,0
DA:474,0
DA:477,0
DA:478,0
DA:479,0
DA:480,0
DA:481,0
DA:484,0
DA:485,0
DA:486,0
DA:487,0
DA:488,0
DA:491,0
DA:492,0
DA:493,0
DA:494,0
DA:495,0
DA:499,0
DA:500,0
DA:501,0
DA:502,0
DA:503,0
DA:510,7
DA:511,40
DA:513,7
DA:514,40
DA:516,7
DA:517,54
DA:519,7
DA:520,49
DA:521,22
DA:523,7
DA:524,43
DA:530,0
DA:531,0
DA:532,0
DA:533,0
DA:534,0
DA:535,0
DA:536,0
DA:539,0
DA:542,0
DA:545,0
DA:548,0
DA:555,7
DA:556,22
DA:557,12
DA:558,16
DA:559,2
DA:560,16
DA:561,20
DA:562,16
DA:564,7
DA:565,11
DA:567,7
DA:568,11
DA:570,7
DA:571,11
DA:573,7
DA:574,22
DA:575,2
DA:576,16
DA:577,2
DA:578,16
DA:579,11
DA:580,0
DA:586,7
DA:587,34
DA:589,0
DA:592,7
DA:593,39
DA:599,7
DA:600,24
DA:602,0
DA:605,7
DA:606,29
DA:612,0
DA:615,0
DA:618,0
DA:625,0
DA:628,0
DA:631,0
DA:638,7
DA:639,26
DA:641,0
DA:644,7
DA:645,31
DA:651,7
DA:652,26
DA:654,0
DA:657,7
DA:658,31
DA:664,7
DA:665,49
DA:667,7
DA:668,53
DA:670,7
DA:671,36
DA:673,0
DA:680,7
DA:681,68
DA:683,7
DA:684,68
DA:686,7
DA:687,68
DA:689,7
DA:690,68
DA:692,7
DA:693,68
DA:699,7
DA:700,68
DA:702,7
DA:703,68
DA:705,7
DA:706,68
DA:708,0
DA:711,0
DA:718,7
DA:719,56
DA:721,7
DA:722,56
DA:724,7
DA:725,56
DA:727,7
DA:728,50
DA:734,7
DA:735,56
DA:737,7
DA:738,56
DA:740,7
DA:741,56
DA:743,7
DA:744,50
DA:750,7
DA:751,35
DA:753,7
DA:754,35
DA:760,7
DA:761,34
DA:763,7
DA:764,34
DA:770,7
DA:772,86
DA:774,7
DA:775,105
DA:777,7
DA:778,187
DA:780,7
DA:781,187
DA:787,7
DA:789,38
DA:790,49
DA:791,54
DA:793,7
DA:794,124
DA:796,7
DA:797,235
DA:799,7
DA:800,293
DA:806,7
DA:807,55
DA:809,7
DA:810,57
DA:812,7
DA:813,61
DA:815,7
DA:816,64
DA:819,28
DA:820,4
DA:821,5
DA:822,6
DA:823,7
DA:824,8
DA:825,4
DA:826,5
DA:827,6
DA:828,7
DA:829,8
DA:830,4
DA:831,5
DA:832,6
DA:833,7
DA:834,8
DA:835,4
DA:836,5
DA:837,6
DA:838,7
DA:839,8
DA:840,9
DA:841,10
DA:842,5
DA:843,4
DA:844,5
DA:845,6
DA:846,7
DA:847,5
DA:848,4
DA:849,5
DA:850,10
DA:851,4
DA:852,5
DA:853,6
DA:854,7
DA:855,8
DA:856,9
DA:857,4
DA:858,5
DA:859,6
DA:860,7
DA:861,8
DA:862,9
DA:863,5
DA:864,4
DA:865,5
DA:866,6
DA:867,7
DA:868,8
DA:869,4
DA:870,5
DA:871,5
DA:872,4
DA:873,5
DA:874,5
DA:875,4
DA:876,5
DA:877,5
DA:878,4
DA:879,5
DA:880,6
DA:881,7
DA:882,8
DA:883,9
DA:884,5
DA:885,4
DA:886,5
DA:887,5
DA:888,4
DA:889,5
DA:890,5
DA:891,4
DA:892,5
DA:893,6
DA:894,7
DA:895,8
DA:896,5
DA:897,4
DA:898,5
DA:899,6
DA:900,7
DA:901,8
DA:902,5
DA:903,4
DA:904,5
DA:905,5
DA:906,4
DA:907,5
DA:908,6
DA:909,7
DA:910,4
DA:911,5
DA:912,6
DA:913,7
DA:914,11
DA:915,9
DA:916,7
DA:917,5
DA:918,4
DA:919,5
DA:920,6
DA:921,7
DA:922,4
DA:923,5
DA:924,5
DA:925,6
DA:926,7
DA:927,8
DA:928,4
DA:929,5
DA:930,5
DA:931,6
DA:932,7
DA:933,8
DA:934,4
DA:935,5
DA:936,6
DA:937,7
DA:938,8
DA:939,4
DA:940,5
DA:941,6
DA:942,7
DA:943,4
DA:944,5
DA:945,5
DA:946,4
DA:947,5
DA:948,4
DA:949,5
DA:950,4
DA:951,5
DA:952,6
DA:953,7
DA:954,8
DA:955,4
DA:956,5
DA:957,5
DA:958,4
DA:959,5
DA:960,6
DA:961,7
DA:962,8
DA:963,4
DA:964,5
DA:965,6
DA:966,7
DA:967,8
DA:968,4
DA:969,5
DA:970,5
DA:971,6
DA:972,7
DA:973,8
DA:974,4
DA:975,5
DA:976,5
DA:977,6
DA:978,7
DA:979,8
DA:980,4
DA:981,5
DA:982,6
DA:983,5
DA:984,1
LF:987
LH:480
end_of_record
TN:
SF:packages/datezone/format/index.ts
FNF:2
FNH:2
DA:1,61
DA:2,46
DA:4,53
DA:5,45
DA:284,6
DA:285,4
DA:286,14
DA:287,9
DA:288,3
DA:289,9
DA:292,32
DA:294,22
DA:295,0
DA:297,0
DA:298,0
DA:299,0
DA:300,0
DA:301,0
DA:302,0
DA:303,0
DA:304,0
DA:305,0
DA:306,0
DA:307,39
DA:309,27
DA:310,12
DA:311,26
DA:312,28
DA:313,42
DA:314,32
DA:315,33
DA:316,32
DA:317,31
DA:318,28
DA:319,4
DA:320,40
DA:322,60
DA:323,4
DA:324,16
DA:325,6
DA:328,55
DA:329,34
DA:330,32
DA:332,12
DA:333,26
DA:334,28
DA:335,18
DA:336,32
DA:337,33
DA:338,32
DA:339,28
DA:340,28
DA:341,4
DA:342,11
DA:344,60
DA:345,26
DA:346,23
DA:347,0
DA:348,4
DA:350,60
DA:351,4
DA:352,16
DA:353,6
DA:355,12
DA:356,21
DA:357,23
DA:358,37
DA:359,27
DA:360,25
DA:361,27
DA:362,28
DA:363,8
DA:364,7
DA:367,17
DA:368,7
DA:369,27
DA:370,28
DA:371,4
DA:373,18
DA:374,12
DA:375,34
DA:377,20
DA:378,33
DA:381,24
DA:382,23
DA:383,10
DA:384,24
DA:385,39
DA:386,45
DA:387,27
DA:388,17
DA:389,19
DA:390,16
DA:391,13
DA:393,17
DA:394,37
DA:395,18
DA:397,6
DA:398,24
DA:399,8
DA:400,4
DA:403,21
DA:404,18
DA:405,7
DA:406,11
DA:407,42
DA:408,25
DA:409,7
DA:410,31
DA:411,8
DA:412,4
DA:414,61
DA:415,51
DA:416,40
DA:417,29
DA:418,10
DA:419,4
DA:420,4
DA:422,31
DA:423,42
DA:424,32
DA:425,12
DA:426,26
DA:427,38
DA:428,22
DA:429,9
DA:430,24
DA:431,8
DA:432,4
DA:435,33
DA:436,16
DA:437,90
DA:438,1
DA:439,4
DA:442,19
DA:443,6
DA:444,2
DA:446,14
DA:478,23
DA:479,9
DA:480,28
DA:483,32
DA:485,19
DA:486,27
DA:488,12
DA:489,23
DA:490,25
DA:491,39
DA:492,29
DA:493,30
DA:494,29
DA:495,52
DA:496,25
DA:497,6
DA:498,51
DA:499,31
DA:501,27
DA:502,12
DA:503,26
DA:504,28
DA:505,42
DA:506,32
DA:507,33
DA:508,32
DA:509,31
DA:510,28
DA:511,6
DA:512,28
DA:513,32
DA:515,72
DA:518,55
DA:519,34
DA:520,32
DA:522,12
DA:523,26
DA:524,28
DA:525,18
DA:526,32
DA:527,33
DA:528,32
DA:529,28
DA:530,28
DA:531,4
DA:532,11
DA:534,52
DA:535,26
DA:536,23
DA:537,0
DA:538,4
DA:540,72
DA:542,12
DA:543,21
DA:544,23
DA:545,37
DA:546,27
DA:547,25
DA:548,27
DA:549,28
DA:550,8
DA:551,7
DA:555,48
DA:556,50
DA:557,46
DA:558,48
DA:559,52
DA:560,52
DA:561,53
DA:563,19
DA:564,37
DA:565,21
DA:566,11
DA:567,53
DA:568,54
DA:569,51
DA:570,41
DA:571,110
DA:574,81
LF:576
LH:204
end_of_record
TN:
SF:packages/datezone/format/utils.ts
FNF:4
FNH:4
DA:9,26
DA:10,68
DA:11,30
DA:12,31
DA:13,33
DA:14,21
DA:15,28
DA:16,0
DA:17,5
DA:18,8
DA:19,55
DA:20,8
DA:21,56
DA:22,8
DA:23,55
DA:24,8
DA:25,65
DA:27,52
DA:37,23
DA:38,35
DA:39,31
DA:40,33
DA:41,21
DA:42,14
DA:43,54
DA:44,2
DA:45,69
DA:54,17
DA:55,19
DA:56,9
DA:57,14
DA:58,8
DA:59,9
DA:60,11
DA:61,11
DA:62,14
DA:63,4
DA:64,51
DA:73,17
DA:74,38
LF:76
LH:39
end_of_record
TN:
SF:packages/datezone/hour.ts
FNF:7
FNH:7
DA:1,38
DA:2,60
DA:3,45
DA:4,52
DA:21,15
DA:22,38
DA:39,15
DA:40,17
DA:64,23
DA:65,19
DA:66,30
DA:67,2
DA:69,25
DA:70,33
DA:71,2
DA:73,26
DA:74,70
DA:75,43
DA:78,37
DA:79,35
DA:81,22
DA:82,2
DA:84,46
DA:103,20
DA:104,25
DA:122,20
DA:123,28
DA:140,13
DA:141,22
DA:158,13
DA:159,32
LF:161
LH:31
end_of_record
TN:
SF:packages/datezone/index.pub.ts
FNF:1
FNH:1
DA:3,27
DA:4,29
DA:5,31
DA:6,25
DA:7,34
DA:8,34
DA:9,26
DA:10,28
DA:11,27
DA:12,28
DA:13,29
DA:14,28
DA:15,30
DA:16,30
DA:17,26
DA:18,26
DA:24,36
DA:25,48
LF:26
LH:18
end_of_record
TN:
SF:packages/datezone/minute.ts
FNF:4
FNH:4
DA:15,13
DA:16,23
DA:33,13
DA:34,31
DA:53,21
DA:54,31
DA:72,21
DA:73,30
LF:75
LH:8
end_of_record
TN:
SF:packages/datezone/month.ts
FNF:22
FNH:22
DA:1,54
DA:2,60
DA:3,45
DA:4,73
DA:5,43
DA:13,23
DA:14,19
DA:15,27
DA:16,23
DA:17,2
DA:19,25
DA:20,27
DA:21,26
DA:22,2
DA:24,26
DA:25,70
DA:26,43
DA:28,37
DA:29,35
DA:30,26
DA:31,2
DA:33,54
DA:34,13
DA:43,23
DA:45,19
DA:46,27
DA:47,17
DA:48,27
DA:49,18
DA:50,2
DA:53,25
DA:54,27
DA:55,20
DA:56,30
DA:57,18
DA:58,2
DA:61,26
DA:62,70
DA:63,47
DA:66,37
DA:67,35
DA:70,20
DA:71,30
DA:74,29
DA:75,2
DA:78,60
DA:79,47
DA:89,6
DA:90,6
DA:91,7
DA:92,10
DA:93,3
DA:94,65
DA:103,23
DA:105,19
DA:106,27
DA:107,36
DA:108,27
DA:109,22
DA:110,2
DA:113,25
DA:114,27
DA:115,42
DA:116,30
DA:117,22
DA:118,2
DA:121,26
DA:122,70
DA:123,43
DA:126,37
DA:127,35
DA:130,42
DA:131,30
DA:134,33
DA:135,2
DA:138,42
DA:148,6
DA:149,6
DA:150,7
DA:151,10
DA:152,3
DA:153,55
DA:164,6
DA:165,4
DA:166,8
DA:167,10
DA:168,3
DA:170,19
DA:171,27
DA:172,36
DA:173,38
DA:174,39
DA:175,17
DA:176,4
DA:177,18
DA:178,2
DA:181,25
DA:182,27
DA:183,39
DA:184,44
DA:185,42
DA:186,20
DA:187,4
DA:188,18
DA:189,2
DA:192,26
DA:194,70
DA:195,47
DA:198,37
DA:199,35
DA:202,39
DA:203,44
DA:204,42
DA:205,20
DA:206,4
DA:209,29
DA:210,2
DA:213,50
DA:214,21
DA:215,12
DA:216,13
DA:217,11
DA:218,12
DA:219,14
DA:220,14
DA:221,19
DA:222,8
DA:223,8
DA:224,2
DA:240,6
DA:241,6
DA:242,7
DA:243,5
DA:244,6
DA:245,8
DA:246,8
DA:247,13
DA:248,8
DA:249,10
DA:250,3
DA:251,70
DA:252,52
DA:253,42
DA:255,27
DA:256,9
DA:257,10
DA:258,8
DA:259,6
DA:260,8
DA:261,8
DA:262,13
DA:263,8
DA:264,2
DA:274,6
DA:275,4
DA:276,8
DA:277,10
DA:278,3
DA:279,40
DA:289,6
DA:290,4
DA:291,3
DA:292,10
DA:293,3
DA:295,19
DA:296,27
DA:297,36
DA:298,27
DA:299,18
DA:300,2
DA:303,25
DA:304,27
DA:305,42
DA:306,30
DA:307,18
DA:308,2
DA:311,26
DA:312,70
DA:313,47
DA:316,37
DA:317,35
DA:320,42
DA:321,30
DA:324,29
DA:325,2
DA:328,60
DA:329,52
DA:340,1
DA:341,6
DA:342,7
DA:343,3
DA:344,10
DA:345,3
DA:346,67
DA:347,72
DA:357,1
DA:358,6
DA:359,7
DA:360,10
DA:361,3
DA:362,53
DA:372,6
DA:373,4
DA:374,3
DA:375,10
DA:376,3
DA:377,48
DA:386,6
DA:387,4
DA:388,10
DA:389,3
DA:390,40
DA:399,23
DA:400,44
DA:409,6
DA:410,4
DA:411,10
DA:412,3
DA:413,41
DA:422,23
DA:423,44
DA:426,71
DA:434,23
DA:435,11
DA:436,12
DA:438,25
DA:439,19
DA:440,27
DA:441,27
DA:442,31
DA:443,30
DA:444,30
DA:445,32
DA:447,70
DA:448,47
DA:451,37
DA:452,46
DA:454,41
DA:455,41
DA:456,12
DA:457,58
DA:460,36
DA:470,22
DA:471,42
DA:472,30
DA:473,47
DA:474,2
DA:475,45
DA:476,9
DA:477,2
DA:478,14
DA:489,6
DA:490,6
DA:491,7
DA:492,13
DA:493,3
DA:494,60
DA:495,45
DA:496,38
DA:498,22
DA:499,19
DA:500,15
DA:501,2
DA:503,21
DA:504,48
DA:505,2
DA:507,34
DA:508,0
DA:509,2
DA:511,27
DA:521,6
DA:522,8
DA:523,6
DA:524,7
DA:525,3
DA:526,50
DA:527,16
DA:528,17
DA:529,5
DA:530,58
DA:539,23
DA:540,12
DA:542,25
DA:543,19
DA:544,27
DA:545,31
DA:546,30
DA:547,32
DA:549,70
DA:550,47
DA:553,37
DA:554,46
DA:556,41
DA:557,12
DA:558,52
DA:561,29
DA:569,16
DA:570,38
LF:572
LH:297
end_of_record
TN:
SF:packages/datezone/offset.ts
FNF:5
FNH:5
DA:1,38
DA:2,59
DA:3,45
DA:12,27
DA:13,28
DA:16,33
DA:24,6
DA:25,4
DA:26,4
DA:27,3
DA:29,13
DA:30,40
DA:31,2
DA:34,27
DA:38,20
DA:39,48
DA:40,38
DA:41,19
DA:42,4
DA:45,49
DA:46,22
DA:47,18
DA:48,23
DA:49,16
DA:50,17
DA:51,19
DA:52,19
DA:53,22
DA:54,6
DA:55,39
DA:57,43
DA:58,19
DA:59,2
DA:63,49
DA:64,4
DA:65,19
DA:66,31
DA:67,40
DA:68,5
DA:69,29
DA:70,2
DA:73,47
DA:74,22
DA:75,18
DA:76,23
DA:77,16
DA:78,17
DA:79,19
DA:80,19
DA:81,22
DA:82,4
DA:83,37
DA:86,26
DA:87,52
DA:88,11
DA:89,30
DA:90,42
DA:91,36
DA:94,14
DA:103,13
DA:104,49
DA:106,70
DA:107,30
DA:108,2
DA:113,51
DA:116,27
DA:117,43
DA:118,11
DA:119,43
DA:120,37
DA:123,14
DA:131,6
DA:132,4
DA:133,10
DA:134,8
DA:135,3
DA:137,37
DA:138,33
DA:141,46
DA:142,44
DA:143,2
DA:144,42
DA:145,47
DA:146,2
DA:149,22
DA:150,8
DA:151,2
DA:154,21
DA:156,58
DA:157,59
DA:158,29
DA:159,2
DA:160,21
DA:162,63
DA:163,58
DA:164,31
DA:165,0
DA:168,0
DA:169,0
DA:170,1
DA:177,8
DA:180,3
DA:181,12
DA:182,57
DA:183,29
DA:184,2
DA:190,11
DA:191,26
LF:193
LH:105
end_of_record
TN:
SF:packages/datezone/ordinal.ts
FNF:4
FNH:4
DA:3,26
DA:4,21
DA:5,55
DA:6,24
DA:7,32
DA:8,37
DA:9,21
DA:10,35
DA:12,2
DA:14,33
DA:15,33
DA:17,12
DA:18,39
DA:19,11
DA:20,21
DA:21,8
DA:22,49
DA:23,7
DA:24,13
DA:26,21
DA:27,8
DA:28,47
DA:29,8
DA:31,2
DA:32,35
DA:35,12
DA:36,40
DA:37,11
DA:39,61
DA:40,8
DA:41,15
DA:42,22
DA:43,8
DA:44,50
DA:45,7
DA:46,13
DA:48,65
DA:50,2
DA:51,36
DA:54,18
DA:56,41
DA:57,36
DA:58,2
DA:61,40
DA:62,78
DA:63,38
DA:64,2
DA:67,10
DA:76,32
DA:77,36
DA:78,37
DA:79,33
DA:80,48
DA:81,38
LF:83
LH:54
end_of_record
TN:
SF:packages/datezone/second.ts
FNF:6
FNH:6
DA:15,13
DA:16,22
DA:33,13
DA:34,28
DA:53,21
DA:54,26
DA:72,21
DA:73,26
DA:93,21
DA:94,19
DA:113,21
DA:114,18
LF:116
LH:12
end_of_record
TN:
SF:packages/datezone/timezone.ts
FNF:2
FNH:2
DA:2,29
DA:3,19
DA:4,17
DA:5,18
DA:6,18
DA:7,18
DA:8,19
DA:9,17
DA:10,20
DA:11,16
DA:12,20
DA:13,22
DA:14,23
DA:15,20
DA:16,25
DA:17,23
DA:18,23
DA:19,12
DA:20,14
DA:21,14
DA:22,13
DA:23,18
DA:24,12
DA:25,18
DA:26,12
DA:27,13
DA:28,8
DA:29,10
DA:30,10
DA:31,9
DA:32,14
DA:33,8
DA:34,8
DA:35,14
DA:36,7
DA:37,2
DA:40,29
DA:41,17
DA:42,22
DA:43,21
DA:44,27
DA:45,18
DA:46,26
DA:47,25
DA:48,19
DA:49,20
DA:50,22
DA:51,19
DA:52,19
DA:53,20
DA:54,21
DA:55,22
DA:56,20
DA:57,22
DA:58,23
DA:59,20
DA:60,19
DA:61,33
DA:62,25
DA:63,28
DA:64,31
DA:65,30
DA:66,26
DA:67,30
DA:68,28
DA:69,19
DA:70,20
DA:71,19
DA:72,32
DA:73,32
DA:74,24
DA:75,22
DA:76,21
DA:77,22
DA:78,19
DA:79,23
DA:80,24
DA:81,21
DA:82,20
DA:83,22
DA:84,23
DA:85,19
DA:86,21
DA:87,17
DA:88,32
DA:89,32
DA:90,35
DA:91,20
DA:92,24
DA:93,27
DA:94,24
DA:95,25
DA:96,21
DA:97,21
DA:98,22
DA:99,25
DA:100,18
DA:101,21
DA:102,20
DA:103,20
DA:104,22
DA:105,23
DA:106,21
DA:107,20
DA:108,25
DA:109,21
DA:110,15
DA:111,16
DA:112,18
DA:113,19
DA:114,14
DA:115,16
DA:116,19
DA:117,17
DA:118,16
DA:119,20
DA:120,21
DA:121,20
DA:122,19
DA:123,21
DA:124,23
DA:125,26
DA:126,21
DA:127,21
DA:128,24
DA:129,24
DA:130,21
DA:131,21
DA:132,19
DA:133,21
DA:134,18
DA:135,20
DA:136,18
DA:137,22
DA:138,20
DA:139,21
DA:140,20
DA:141,20
DA:142,20
DA:143,22
DA:144,18
DA:145,21
DA:146,20
DA:147,20
DA:148,23
DA:149,18
DA:150,23
DA:151,16
DA:152,17
DA:153,18
DA:154,21
DA:155,18
DA:156,22
DA:157,18
DA:158,17
DA:159,21
DA:160,18
DA:161,16
DA:162,17
DA:163,21
DA:164,18
DA:165,16
DA:166,16
DA:167,18
DA:168,22
DA:169,20
DA:170,19
DA:171,22
DA:172,18
DA:173,17
DA:174,21
DA:175,19
DA:176,18
DA:177,21
DA:178,17
DA:179,18
DA:180,19
DA:181,21
DA:182,18
DA:183,18
DA:184,18
DA:185,21
DA:186,20
DA:187,19
DA:188,17
DA:189,20
DA:190,14
DA:191,16
DA:192,15
DA:193,15
DA:194,16
DA:195,13
DA:196,2
DA:604,50
DA:605,50
DA:613,19
DA:614,35
DA:633,19
DA:634,34
LF:636
LH:199
end_of_record
TN:
SF:packages/datezone/walltime.ts
FNF:2
FNH:2
DA:1,60
DA:2,45
DA:61,6
DA:62,6
DA:63,11
DA:64,5
DA:65,6
DA:66,8
DA:67,8
DA:68,13
DA:69,11
DA:70,3
DA:74,11
DA:75,12
DA:76,8
DA:77,8
DA:78,10
DA:79,8
DA:80,9
DA:81,9
DA:83,35
DA:85,7
DA:86,11
DA:87,12
DA:88,13
DA:89,14
DA:90,18
DA:91,16
DA:92,19
DA:93,14
DA:94,17
DA:95,11
DA:97,16
DA:98,22
DA:99,12
DA:100,13
DA:101,17
DA:102,15
DA:103,21
DA:104,27
DA:110,60
DA:113,13
DA:114,60
DA:115,2
DA:118,19
DA:119,12
DA:120,2
DA:122,61
DA:123,33
DA:134,17
DA:135,13
DA:136,27
DA:137,14
DA:138,23
DA:139,25
DA:140,39
DA:141,29
DA:142,30
DA:143,29
DA:144,25
DA:145,1
DA:146,2
DA:148,19
DA:149,27
DA:150,14
DA:151,26
DA:152,28
DA:153,42
DA:154,32
DA:155,33
DA:156,32
DA:157,28
DA:158,1
DA:159,2
DA:162,20
DA:163,64
DA:164,43
DA:167,37
DA:168,35
DA:169,14
DA:170,26
DA:171,28
DA:172,42
DA:173,32
DA:174,33
DA:175,32
DA:176,28
DA:177,1
DA:178,2
DA:181,62
DA:182,41
DA:185,35
DA:186,33
DA:187,12
DA:188,24
DA:189,26
DA:190,40
DA:191,30
DA:192,31
DA:193,30
DA:194,26
DA:195,1
LF:197
LH:102
end_of_record
TN:
SF:packages/datezone/week.ts
FNF:16
FNH:16
DA:1,41
DA:2,39
DA:3,60
DA:4,38
DA:5,73
DA:7,67
DA:8,54
DA:9,54
DA:10,59
DA:13,30
DA:14,54
DA:15,53
DA:18,6
DA:19,6
DA:20,7
DA:21,5
DA:22,11
DA:23,3
DA:24,53
DA:25,39
DA:26,47
DA:27,65
DA:28,75
DA:31,6
DA:32,11
DA:33,10
DA:34,3
DA:35,54
DA:36,63
DA:39,6
DA:40,6
DA:41,7
DA:42,5
DA:43,11
DA:44,3
DA:45,53
DA:46,39
DA:47,47
DA:48,26
DA:51,6
DA:52,11
DA:53,10
DA:54,31
DA:55,3
DA:57,19
DA:58,34
DA:59,27
DA:60,46
DA:61,34
DA:62,27
DA:63,18
DA:64,2
DA:66,25
DA:67,34
DA:68,30
DA:69,46
DA:70,40
DA:71,30
DA:72,18
DA:73,2
DA:75,26
DA:76,77
DA:77,43
DA:80,44
DA:81,35
DA:84,30
DA:85,46
DA:86,40
DA:87,30
DA:90,29
DA:91,2
DA:94,54
DA:95,74
DA:107,6
DA:108,6
DA:109,7
DA:110,5
DA:111,14
DA:112,4
DA:113,3
DA:114,49
DA:115,39
DA:116,59
DA:117,27
DA:118,6
DA:119,7
DA:120,25
DA:121,3
DA:122,3
DA:123,3
DA:124,3
DA:125,2
DA:126,2
DA:129,6
DA:130,11
DA:131,10
DA:132,31
DA:133,3
DA:135,19
DA:136,34
DA:137,27
DA:138,46
DA:139,38
DA:140,32
DA:141,18
DA:142,2
DA:144,25
DA:145,34
DA:146,30
DA:147,46
DA:148,44
DA:149,35
DA:150,18
DA:151,2
DA:153,26
DA:154,77
DA:155,43
DA:158,44
DA:159,35
DA:162,30
DA:163,46
DA:164,44
DA:165,35
DA:168,29
DA:169,2
DA:172,54
DA:173,72
DA:185,6
DA:186,6
DA:187,7
DA:188,5
DA:189,14
DA:190,4
DA:191,3
DA:192,49
DA:193,39
DA:194,41
DA:195,50
DA:196,27
DA:197,6
DA:198,7
DA:199,21
DA:200,4
DA:201,4
DA:202,4
DA:203,5
DA:204,2
DA:205,2
DA:208,6
DA:209,11
DA:210,8
DA:211,10
DA:212,3
DA:213,39
DA:215,19
DA:217,28
DA:218,2
DA:219,25
DA:221,28
DA:222,2
DA:224,26
DA:225,28
DA:226,2
DA:229,54
DA:230,65
DA:242,6
DA:243,6
DA:244,7
DA:245,5
DA:246,8
DA:247,4
DA:248,3
DA:249,74
DA:252,6
DA:253,11
DA:254,8
DA:255,10
DA:256,3
DA:257,46
DA:260,6
DA:261,11
DA:262,10
DA:263,3
DA:264,56
DA:267,6
DA:268,11
DA:269,10
DA:270,3
DA:271,54
DA:274,6
DA:275,11
DA:276,10
DA:277,31
DA:278,3
DA:279,54
DA:280,67
DA:291,6
DA:292,6
DA:293,7
DA:294,14
DA:295,10
DA:296,3
DA:298,38
DA:299,65
DA:300,59
DA:301,70
DA:302,54
DA:303,31
DA:304,2
DA:307,55
DA:308,54
DA:309,57
DA:310,59
DA:311,52
DA:312,31
LF:314
LH:215
end_of_record
TN:
SF:packages/datezone/year.ts
FNF:10
FNH:10
DA:1,39
DA:2,60
DA:3,38
DA:4,73
DA:12,17
DA:13,13
DA:14,33
DA:15,2
DA:16,19
DA:17,36
DA:18,2
DA:20,20
DA:21,64
DA:22,43
DA:25,37
DA:26,35
DA:28,25
DA:29,2
DA:30,40
DA:39,17
DA:40,25
DA:41,25
DA:49,15
DA:50,62
DA:59,17
DA:60,13
DA:61,41
DA:62,34
DA:63,2
DA:64,19
DA:65,44
DA:66,24
DA:67,2
DA:69,20
DA:70,64
DA:71,43
DA:74,37
DA:75,35
DA:78,33
DA:79,46
DA:82,33
DA:83,2
DA:84,25
DA:85,52
DA:94,17
DA:95,13
DA:96,41
DA:97,53
DA:98,2
DA:99,19
DA:100,44
DA:101,43
DA:102,2
DA:104,20
DA:105,64
DA:106,43
DA:109,37
DA:110,35
DA:113,33
DA:114,63
DA:117,31
DA:118,2
DA:119,25
DA:120,59
DA:131,25
DA:132,13
DA:133,27
DA:134,39
DA:135,44
DA:136,35
DA:137,0
DA:138,4
DA:139,18
DA:140,2
DA:141,19
DA:142,27
DA:143,45
DA:144,50
DA:145,48
DA:146,20
DA:147,4
DA:148,18
DA:149,2
DA:151,20
DA:152,64
DA:153,43
DA:156,37
DA:157,35
DA:160,45
DA:161,50
DA:162,48
DA:163,20
DA:164,4
DA:167,29
DA:168,2
DA:170,64
DA:171,30
DA:173,35
DA:174,22
DA:176,66
DA:177,17
DA:178,2
DA:180,27
DA:181,12
DA:182,7
DA:183,11
DA:184,6
DA:185,8
DA:186,8
DA:187,13
DA:188,2
DA:189,2
DA:199,25
DA:200,33
DA:209,17
DA:210,36
DA:218,15
DA:219,38
DA:227,16
DA:228,38
LF:230
LH:119
end_of_record
