TN:
SF:packages/datezone/cache.ts
FNF:4
FNH:4
DA:1,32
DA:3,15
DA:5,37
DA:6,38
DA:7,48
DA:10,6
DA:11,10
DA:12,6
DA:13,3
DA:14,39
DA:15,18
DA:16,22
DA:17,34
DA:18,2
DA:20,34
DA:21,29
DA:22,14
DA:23,66
DA:24,24
DA:25,2
DA:26,11
DA:30,31
DA:32,6
DA:33,8
DA:34,6
DA:35,3
DA:36,35
DA:37,45
DA:38,20
DA:39,24
DA:40,40
DA:41,2
DA:42,31
DA:43,14
DA:44,48
DA:45,26
DA:46,2
DA:47,10
LF:49
LH:38
end_of_record
TN:
SF:packages/datezone/compare.ts
FNF:16
FNH:16
DA:2,85
DA:12,70
DA:14,1
DA:15,4
DA:16,10
DA:17,3
DA:18,72
DA:21,23
DA:22,37
DA:23,14
DA:24,2
DA:25,21
DA:26,14
DA:27,15
DA:28,13
DA:29,3
DA:30,3
DA:31,3
DA:32,3
DA:33,8
DA:34,1
DA:37,14
DA:38,25
DA:39,33
DA:45,25
DA:46,45
DA:47,18
DA:48,26
DA:49,28
DA:50,52
DA:51,32
DA:57,6
DA:58,6
DA:59,10
DA:60,3
DA:61,45
DA:62,46
DA:63,18
DA:64,26
DA:65,28
DA:66,52
DA:67,35
DA:73,6
DA:74,6
DA:75,10
DA:76,3
DA:77,45
DA:78,47
DA:79,18
DA:80,26
DA:81,28
DA:82,52
DA:83,36
DA:89,25
DA:90,25
DA:91,46
DA:92,20
DA:98,6
DA:99,6
DA:100,10
DA:101,3
DA:102,25
DA:103,46
DA:104,20
DA:110,6
DA:111,6
DA:112,10
DA:113,3
DA:114,40
DA:115,30
DA:130,6
DA:131,7
DA:132,7
DA:133,10
DA:134,3
DA:136,64
DA:137,20
DA:138,2
DA:141,64
DA:143,66
DA:144,66
DA:145,18
DA:146,2
DA:149,14
DA:150,0
DA:151,0
DA:152,0
DA:153,2
DA:154,44
DA:155,44
DA:156,17
DA:171,6
DA:172,7
DA:173,7
DA:174,10
DA:175,3
DA:177,64
DA:178,20
DA:179,2
DA:182,64
DA:184,66
DA:185,66
DA:186,18
DA:187,2
DA:190,14
DA:191,0
DA:192,0
DA:193,0
DA:194,2
DA:195,44
DA:196,44
DA:197,17
DA:211,6
DA:212,7
DA:213,7
DA:214,10
DA:215,3
DA:217,64
DA:218,22
DA:219,2
DA:222,64
DA:223,7
DA:224,29
DA:225,31
DA:226,23
DA:228,2
DA:231,14
DA:232,0
DA:233,0
DA:234,0
DA:235,2
DA:236,41
DA:242,6
DA:243,7
DA:244,7
DA:245,10
DA:246,3
DA:247,15
DA:248,27
DA:249,29
DA:250,53
DA:251,15
DA:252,27
DA:253,29
DA:254,53
DA:255,25
DA:261,6
DA:262,7
DA:263,7
DA:264,10
DA:265,3
DA:266,45
DA:267,45
DA:270,41
DA:271,41
DA:273,39
DA:274,39
DA:276,71
DA:277,71
DA:279,33
DA:292,6
DA:293,7
DA:294,7
DA:295,10
DA:296,3
DA:298,64
DA:299,63
DA:300,2
DA:303,14
DA:304,0
DA:305,2
DA:306,45
DA:307,45
DA:308,52
DA:321,6
DA:322,7
DA:323,7
DA:324,10
DA:325,3
DA:327,64
DA:328,32
DA:329,2
DA:332,14
DA:333,0
DA:334,2
DA:335,45
DA:336,45
DA:337,26
LF:339
LH:177
end_of_record
TN:
SF:packages/datezone/constants.ts
FNF:1
FNH:1
DA:1,27
DA:2,28
DA:3,28
DA:4,28
DA:5,29
LF:6
LH:5
end_of_record
TN:
SF:packages/datezone/day.ts
FNF:12
FNH:12
DA:1,51
DA:2,34
DA:3,47
DA:5,40
DA:6,36
DA:8,70
DA:12,18
DA:13,11
DA:14,67
DA:15,10
DA:18,6
DA:19,4
DA:20,6
DA:21,10
DA:22,3
DA:23,56
DA:24,68
DA:27,6
DA:28,4
DA:29,6
DA:30,10
DA:31,3
DA:32,56
DA:33,68
DA:39,23
DA:40,56
DA:41,61
DA:47,23
DA:48,56
DA:50,66
DA:56,23
DA:57,41
DA:58,41
DA:64,6
DA:65,4
DA:66,10
DA:67,3
DA:68,41
DA:69,41
DA:76,6
DA:77,13
DA:78,10
DA:79,3
DA:80,65
DA:83,16
DA:84,15
DA:85,15
DA:86,12
DA:87,9
DA:88,2
DA:89,20
DA:90,32
DA:91,11
DA:92,6
DA:93,31
DA:94,4
DA:95,20
DA:96,20
DA:97,9
DA:98,4
DA:101,23
DA:107,23
DA:108,56
DA:109,23
DA:110,7
DA:111,42
DA:112,7
DA:113,7
DA:114,7
DA:115,7
DA:116,7
DA:117,7
DA:118,7
DA:119,7
DA:120,7
DA:121,4
DA:122,4
DA:123,14
DA:124,39
DA:125,22
DA:126,2
DA:127,13
DA:128,11
DA:131,6
DA:132,8
DA:133,6
DA:134,5
DA:135,3
DA:136,50
DA:137,18
DA:138,17
DA:139,5
DA:141,34
DA:142,58
DA:151,23
DA:152,50
DA:153,20
DA:154,17
DA:155,17
DA:156,5
DA:157,72
DA:158,7
DA:159,51
DA:160,11
LF:163
LH:104
end_of_record
TN:
SF:packages/datezone/format-parts.ts
FNF:1
FNH:1
DA:1,45
DA:4,25
DA:5,18
DA:6,19
DA:7,17
DA:8,18
DA:9,20
DA:10,20
DA:11,16
DA:12,13
DA:13,2
DA:29,5
DA:31,1
DA:32,6
DA:33,10
DA:34,6
DA:35,3
DA:36,55
DA:37,46
DA:38,20
DA:39,30
DA:40,29
DA:41,43
DA:42,2
DA:43,2
DA:44,13
LF:46
LH:26
end_of_record
TN:
SF:packages/datezone/format/formatters.ts
FNF:166
FNH:24
DA:1,73
DA:3,40
DA:4,43
DA:6,50
DA:7,78
DA:13,0
DA:21,10
DA:22,22
DA:23,21
DA:39,0
DA:42,0
DA:45,0
DA:48,0
DA:51,0
DA:58,7
DA:59,25
DA:60,39
DA:62,0
DA:63,0
DA:66,0
DA:67,0
DA:70,7
DA:71,25
DA:72,35
DA:74,0
DA:75,0
DA:78,0
DA:79,0
DA:86,0
DA:87,0
DA:88,0
DA:91,0
DA:94,0
DA:97,0
DA:100,0
DA:103,0
DA:110,0
DA:111,0
DA:112,0
DA:115,0
DA:118,0
DA:121,7
DA:122,52
DA:124,0
DA:131,7
DA:132,24
DA:134,0
DA:137,0
DA:140,0
DA:143,0
DA:150,0
DA:153,0
DA:156,0
DA:159,0
DA:162,0
DA:165,0
DA:172,0
DA:175,0
DA:178,0
DA:181,0
DA:184,0
DA:187,0
DA:194,0
DA:197,0
DA:200,7
DA:201,30
DA:203,0
DA:206,7
DA:207,53
DA:209,0
DA:216,0
DA:219,0
DA:222,0
DA:225,0
DA:228,0
DA:231,0
DA:238,0
DA:241,0
DA:244,0
DA:251,0
DA:254,0
DA:257,0
DA:264,0
DA:267,7
DA:269,21
DA:270,30
DA:271,39
DA:272,22
DA:273,44
DA:274,37
DA:275,0
DA:276,0
DA:278,7
DA:279,28
DA:285,0
DA:288,0
DA:291,0
DA:294,7
DA:295,47
DA:297,0
DA:304,0
DA:305,0
DA:306,0
DA:309,0
DA:312,0
DA:315,7
DA:316,65
DA:318,0
DA:321,0
DA:322,0
DA:323,0
DA:324,0
DA:331,0
DA:334,0
DA:337,0
DA:340,0
DA:343,0
DA:346,0
DA:349,0
DA:350,0
DA:351,0
DA:352,0
DA:359,0
DA:362,0
DA:365,0
DA:368,0
DA:371,0
DA:374,0
DA:377,0
DA:378,0
DA:379,0
DA:380,0
DA:387,0
DA:390,0
DA:393,0
DA:396,0
DA:399,0
DA:402,0
DA:405,0
DA:406,0
DA:407,0
DA:408,0
DA:412,0
DA:419,7
DA:420,40
DA:422,0
DA:425,0
DA:428,0
DA:429,0
DA:432,0
DA:439,0
DA:440,0
DA:441,0
DA:442,0
DA:443,0
DA:444,0
DA:445,0
DA:448,0
DA:451,0
DA:454,0
DA:457,0
DA:464,0
DA:465,0
DA:466,0
DA:467,0
DA:468,0
DA:469,0
DA:470,0
DA:473,0
DA:476,0
DA:479,0
DA:482,0
DA:483,0
DA:484,0
DA:485,0
DA:486,0
DA:487,0
DA:488,0
DA:495,7
DA:496,35
DA:498,0
DA:501,0
DA:508,0
DA:511,0
DA:514,7
DA:515,29
DA:521,0
DA:524,0
DA:527,0
DA:534,0
DA:537,0
DA:540,0
DA:547,0
DA:550,0
DA:553,7
DA:554,31
DA:560,0
DA:563,0
DA:566,7
DA:567,31
DA:573,0
DA:576,0
DA:579,7
DA:580,36
DA:582,0
DA:589,0
DA:592,0
DA:595,7
DA:596,68
DA:598,0
DA:601,0
DA:608,0
DA:611,0
DA:614,0
DA:617,0
DA:620,0
DA:627,0
DA:630,0
DA:633,0
DA:636,0
DA:643,0
DA:646,0
DA:649,0
DA:652,0
DA:659,7
DA:660,35
DA:662,0
DA:669,7
DA:670,34
DA:672,0
DA:679,7
DA:681,86
DA:683,0
DA:686,0
DA:689,7
DA:690,172
DA:696,7
DA:698,38
DA:699,49
DA:700,54
DA:702,0
DA:705,0
DA:708,0
DA:715,7
DA:716,55
DA:718,0
DA:721,0
DA:724,0
DA:725,1
DA:728,28
DA:729,4
DA:730,5
DA:731,6
DA:732,7
DA:733,8
DA:734,4
DA:735,5
DA:736,6
DA:737,7
DA:738,8
DA:739,5
DA:740,4
DA:741,5
DA:742,6
DA:743,7
DA:744,8
DA:745,5
DA:746,4
DA:747,5
DA:748,6
DA:749,7
DA:750,8
DA:751,4
DA:752,5
DA:753,6
DA:754,7
DA:755,8
DA:756,4
DA:757,5
DA:758,5
DA:759,6
DA:760,7
DA:761,8
DA:762,4
DA:763,5
DA:764,5
DA:765,6
DA:766,7
DA:767,8
DA:768,4
DA:769,5
DA:770,5
DA:771,6
DA:772,7
DA:773,8
DA:774,4
DA:775,5
DA:776,5
DA:777,6
DA:778,7
DA:779,8
DA:780,4
DA:781,5
DA:782,5
DA:783,4
DA:784,5
DA:785,5
DA:786,4
DA:787,10
DA:788,5
DA:789,4
DA:790,5
DA:791,5
DA:792,6
DA:793,7
DA:794,4
DA:795,5
DA:796,6
DA:797,7
DA:798,8
DA:799,9
DA:800,4
DA:801,5
DA:802,5
DA:803,6
DA:804,7
DA:805,8
DA:806,9
DA:807,4
DA:808,5
DA:809,5
DA:810,6
DA:811,7
DA:812,8
DA:813,9
DA:814,4
DA:815,5
DA:816,5
DA:817,6
DA:818,7
DA:819,8
DA:820,9
DA:821,10
DA:822,4
DA:823,5
DA:824,6
DA:825,7
DA:826,8
DA:827,4
DA:828,5
DA:829,6
DA:830,7
DA:831,8
DA:832,4
DA:833,5
DA:834,6
DA:835,7
DA:836,8
DA:837,4
DA:838,5
DA:839,5
DA:840,4
DA:841,5
DA:842,5
DA:843,4
DA:844,5
DA:845,5
DA:846,4
DA:847,5
DA:848,5
DA:849,4
DA:850,5
DA:851,5
DA:852,4
DA:853,5
DA:854,5
DA:855,4
DA:856,5
DA:857,6
DA:858,7
DA:859,4
DA:860,5
DA:861,6
DA:862,7
DA:863,8
DA:864,4
DA:865,5
DA:866,6
DA:867,7
DA:868,8
DA:869,4
DA:870,5
DA:871,6
DA:872,7
DA:873,4
DA:874,5
DA:875,6
DA:876,7
DA:877,4
DA:878,5
DA:879,4
DA:880,5
DA:881,4
DA:882,5
DA:883,6
DA:884,7
DA:885,4
DA:886,5
DA:887,6
DA:888,7
DA:889,5
DA:890,7
DA:891,9
DA:892,9
DA:893,1
LF:896
LH:230
end_of_record
TN:
SF:packages/datezone/format/index.ts
FNF:4
FNH:4
DA:1,57
DA:4,42
DA:282,6
DA:283,4
DA:284,14
DA:285,9
DA:286,3
DA:288,61
DA:289,24
DA:290,28
DA:291,18
DA:292,1
DA:295,20
DA:297,52
DA:298,15
DA:299,22
DA:300,23
DA:301,21
DA:302,22
DA:303,24
DA:304,24
DA:305,17
DA:306,7
DA:307,43
DA:308,28
DA:309,55
DA:310,23
DA:311,22
DA:313,29
DA:314,31
DA:315,27
DA:316,29
DA:317,33
DA:318,33
DA:320,23
DA:321,14
DA:322,19
DA:323,13
DA:324,14
DA:325,16
DA:326,14
DA:327,6
DA:329,30
DA:332,47
DA:333,4
DA:334,16
DA:335,4
DA:338,44
DA:340,16
DA:341,9
DA:342,23
DA:343,19
DA:344,21
DA:345,25
DA:346,25
DA:347,16
DA:348,23
DA:349,4
DA:351,17
DA:352,7
DA:353,27
DA:354,28
DA:355,4
DA:357,18
DA:358,12
DA:359,34
DA:361,20
DA:362,33
DA:365,24
DA:366,23
DA:367,10
DA:368,24
DA:369,39
DA:370,45
DA:371,27
DA:372,17
DA:373,19
DA:374,16
DA:375,13
DA:377,17
DA:378,37
DA:379,18
DA:381,6
DA:382,24
DA:383,8
DA:384,4
DA:387,21
DA:388,18
DA:389,7
DA:390,11
DA:391,42
DA:392,25
DA:393,7
DA:394,31
DA:395,8
DA:396,4
DA:398,61
DA:399,51
DA:400,40
DA:401,29
DA:402,10
DA:403,4
DA:404,4
DA:406,31
DA:407,42
DA:408,57
DA:409,24
DA:410,8
DA:411,4
DA:414,33
DA:415,16
DA:416,90
DA:417,1
DA:418,4
DA:421,19
DA:422,6
DA:423,2
DA:425,13
LF:427
LH:118
end_of_record
TN:
SF:packages/datezone/format/utils.ts
FNF:4
FNH:4
DA:9,26
DA:10,68
DA:11,36
DA:12,31
DA:13,33
DA:14,21
DA:15,28
DA:16,0
DA:17,0
DA:18,0
DA:19,5
DA:20,8
DA:21,56
DA:22,8
DA:23,55
DA:24,8
DA:25,65
DA:27,52
DA:37,23
DA:38,31
DA:39,31
DA:40,33
DA:41,21
DA:42,14
DA:43,54
DA:44,2
DA:45,69
DA:54,17
DA:55,19
DA:56,9
DA:57,14
DA:58,8
DA:59,9
DA:60,11
DA:61,11
DA:62,14
DA:63,4
DA:64,51
DA:73,17
DA:74,38
LF:76
LH:37
end_of_record
TN:
SF:packages/datezone/hour.ts
FNF:18
FNH:18
DA:1,59
DA:3,53
DA:4,25
DA:5,18
DA:6,19
DA:7,17
DA:8,18
DA:9,20
DA:10,20
DA:11,14
DA:12,1
DA:17,18
DA:18,11
DA:19,64
DA:20,10
DA:29,23
DA:30,44
DA:31,22
DA:32,22
DA:41,23
DA:42,44
DA:43,12
DA:52,23
DA:53,44
DA:54,12
DA:64,6
DA:65,4
DA:66,7
DA:67,10
DA:68,3
DA:69,49
DA:71,32
DA:74,25
DA:75,73
DA:76,21
DA:77,12
DA:78,13
DA:79,11
DA:80,17
DA:81,3
DA:82,3
DA:83,3
DA:84,8
DA:85,1
DA:86,2
DA:89,67
DA:92,21
DA:93,12
DA:94,13
DA:95,11
DA:96,20
DA:97,14
DA:98,14
DA:99,18
DA:100,8
DA:101,2
DA:111,6
DA:112,4
DA:113,7
DA:114,10
DA:115,3
DA:116,38
DA:125,6
DA:126,4
DA:127,10
DA:128,3
DA:129,49
DA:131,32
DA:133,25
DA:134,73
DA:135,21
DA:136,12
DA:137,13
DA:138,11
DA:139,9
DA:140,3
DA:141,3
DA:142,3
DA:143,8
DA:144,1
DA:145,2
DA:148,67
DA:151,21
DA:152,12
DA:153,13
DA:154,11
DA:155,12
DA:156,3
DA:157,3
DA:158,3
DA:159,8
DA:160,2
DA:169,23
DA:170,49
DA:172,32
DA:174,25
DA:175,73
DA:176,21
DA:177,12
DA:178,13
DA:179,11
DA:180,9
DA:181,4
DA:182,4
DA:183,5
DA:184,8
DA:185,1
DA:186,2
DA:189,67
DA:192,21
DA:193,12
DA:194,13
DA:195,11
DA:196,12
DA:197,4
DA:198,4
DA:199,5
DA:200,8
DA:201,2
DA:210,6
DA:211,4
DA:212,10
DA:213,3
DA:214,46
DA:216,27
DA:218,0
DA:219,0
DA:220,0
DA:221,0
DA:222,0
DA:223,0
DA:224,0
DA:225,0
DA:226,0
DA:227,0
DA:228,0
DA:229,0
DA:230,2
DA:233,67
DA:236,21
DA:237,12
DA:238,13
DA:239,11
DA:240,12
DA:241,14
DA:242,3
DA:243,3
DA:244,8
DA:245,2
DA:254,6
DA:255,4
DA:256,10
DA:257,3
DA:258,46
DA:260,27
DA:262,0
DA:263,0
DA:264,0
DA:265,0
DA:266,0
DA:267,0
DA:268,0
DA:269,0
DA:270,0
DA:271,0
DA:272,0
DA:273,0
DA:274,2
DA:277,67
DA:280,21
DA:281,12
DA:282,13
DA:283,11
DA:284,12
DA:285,14
DA:286,4
DA:287,5
DA:288,8
DA:289,2
DA:298,6
DA:299,4
DA:300,10
DA:301,3
DA:302,46
DA:304,27
DA:306,0
DA:307,0
DA:308,0
DA:309,0
DA:310,0
DA:311,0
DA:312,0
DA:313,0
DA:314,0
DA:315,0
DA:316,0
DA:317,0
DA:318,2
DA:321,67
DA:324,21
DA:325,12
DA:326,13
DA:327,11
DA:328,12
DA:329,14
DA:330,14
DA:331,3
DA:332,8
DA:333,2
DA:342,6
DA:343,4
DA:344,10
DA:345,3
DA:346,46
DA:348,27
DA:350,0
DA:351,0
DA:352,0
DA:353,0
DA:354,0
DA:355,0
DA:356,0
DA:357,0
DA:358,0
DA:359,0
DA:360,0
DA:361,0
DA:362,2
DA:365,67
DA:368,21
DA:369,12
DA:370,13
DA:371,11
DA:372,12
DA:373,14
DA:374,14
DA:375,5
DA:376,8
DA:377,2
DA:387,6
DA:388,4
DA:389,8
DA:390,10
DA:391,3
DA:392,49
DA:394,32
DA:396,25
DA:397,73
DA:398,21
DA:399,12
DA:400,13
DA:401,11
DA:402,9
DA:403,8
DA:404,3
DA:405,3
DA:406,8
DA:407,1
DA:408,2
DA:411,67
DA:414,21
DA:415,12
DA:416,13
DA:417,11
DA:418,12
DA:419,23
DA:420,14
DA:421,18
DA:422,8
DA:423,2
DA:433,6
DA:434,4
DA:435,8
DA:436,10
DA:437,3
DA:438,41
DA:448,6
DA:449,4
DA:450,8
DA:451,10
DA:452,3
DA:453,49
DA:455,32
DA:457,25
DA:458,73
DA:459,21
DA:460,12
DA:461,13
DA:462,11
DA:463,9
DA:464,14
DA:465,8
DA:466,3
DA:467,8
DA:468,1
DA:469,2
DA:472,67
DA:475,21
DA:476,12
DA:477,13
DA:478,11
DA:479,12
DA:480,14
DA:481,23
DA:482,18
DA:483,8
DA:484,2
DA:494,6
DA:495,4
DA:496,8
DA:497,10
DA:498,3
DA:499,41
DA:509,6
DA:510,4
DA:511,8
DA:512,3
DA:513,58
DA:514,26
DA:524,6
DA:525,4
DA:526,8
DA:527,3
DA:528,35
LF:530
LH:276
end_of_record
TN:
SF:packages/datezone/iana.ts
FNF:0
FNH:0
LF:442
LH:0
end_of_record
TN:
SF:packages/datezone/index.pub.ts
FNF:1
FNH:1
DA:3,24
DA:4,23
DA:5,22
DA:6,23
DA:7,24
DA:8,23
DA:9,23
DA:10,25
DA:11,24
DA:12,28
DA:13,25
DA:14,31
DA:15,26
DA:21,36
DA:22,48
LF:23
LH:15
end_of_record
TN:
SF:packages/datezone/month.ts
FNF:15
FNH:14
DA:1,51
DA:2,47
DA:4,40
DA:5,36
DA:8,61
DA:12,1
DA:13,4
DA:14,10
DA:15,3
DA:16,11
DA:17,74
DA:18,10
DA:27,6
DA:28,4
DA:29,10
DA:30,3
DA:31,51
DA:32,59
DA:38,23
DA:39,42
DA:46,6
DA:47,4
DA:48,8
DA:49,10
DA:50,3
DA:51,11
DA:52,9
DA:53,10
DA:54,8
DA:55,13
DA:56,15
DA:57,16
DA:58,33
DA:59,20
DA:60,21
DA:61,19
DA:62,20
DA:63,22
DA:64,22
DA:65,27
DA:66,5
DA:68,62
DA:69,6
DA:70,7
DA:71,6
DA:72,4
DA:74,75
DA:75,42
DA:77,21
DA:78,9
DA:79,10
DA:80,8
DA:81,6
DA:82,8
DA:83,8
DA:84,3
DA:85,8
DA:86,2
DA:93,0
DA:94,0
DA:95,0
DA:96,0
DA:97,0
DA:98,1
DA:108,6
DA:109,4
DA:110,3
DA:111,10
DA:112,3
DA:113,51
DA:114,64
DA:115,6
DA:116,7
DA:117,1
DA:118,4
DA:119,67
DA:129,6
DA:130,4
DA:131,3
DA:132,10
DA:133,3
DA:134,48
DA:143,6
DA:144,4
DA:145,10
DA:146,3
DA:147,40
DA:156,6
DA:157,4
DA:158,10
DA:159,3
DA:160,44
DA:169,6
DA:170,4
DA:171,10
DA:172,3
DA:173,41
DA:176,6
DA:177,4
DA:178,10
DA:179,3
DA:180,44
DA:184,71
DA:192,6
DA:193,4
DA:194,10
DA:195,3
DA:196,51
DA:197,42
DA:198,25
DA:199,0
DA:200,2
DA:202,55
DA:203,9
DA:204,2
DA:205,14
DA:216,6
DA:217,6
DA:218,7
DA:219,13
DA:220,3
DA:221,60
DA:222,45
DA:223,38
DA:224,22
DA:225,19
DA:226,15
DA:227,2
DA:228,21
DA:229,48
DA:230,2
DA:231,34
DA:232,0
DA:233,2
DA:234,42
DA:244,6
DA:245,8
DA:246,6
DA:247,7
DA:248,3
DA:249,50
DA:250,16
DA:251,17
DA:252,5
DA:253,54
DA:260,23
DA:261,45
DA:262,38
LF:264
LH:141
end_of_record
TN:
SF:packages/datezone/offset.ts
FNF:2
FNH:2
DA:1,56
DA:4,24
DA:11,27
DA:18,6
DA:19,4
DA:20,6
DA:21,3
DA:22,54
DA:24,55
DA:25,4
DA:26,19
DA:27,33
DA:28,40
DA:29,5
DA:30,29
DA:31,2
DA:33,65
DA:34,4
DA:35,6
DA:36,7
DA:37,4
DA:39,22
DA:40,12
DA:41,17
DA:42,10
DA:43,11
DA:44,13
DA:45,13
DA:46,9
DA:47,4
DA:48,37
DA:50,48
DA:51,14
DA:58,6
DA:59,4
DA:60,10
DA:61,8
DA:62,3
DA:63,54
DA:64,48
DA:65,2
DA:66,50
DA:67,51
DA:68,0
DA:69,0
DA:70,0
DA:71,0
LF:73
LH:43
end_of_record
TN:
SF:packages/datezone/ordinal.ts
FNF:4
FNH:4
DA:3,26
DA:4,55
DA:5,32
DA:6,24
DA:7,21
DA:8,37
DA:9,37
DA:10,19
DA:12,2
DA:14,33
DA:15,33
DA:17,12
DA:18,39
DA:19,11
DA:20,21
DA:21,8
DA:22,49
DA:23,7
DA:24,13
DA:26,21
DA:27,8
DA:28,47
DA:29,8
DA:31,2
DA:32,35
DA:35,12
DA:36,40
DA:37,11
DA:38,66
DA:39,13
DA:41,65
DA:43,2
DA:44,36
DA:47,18
DA:49,41
DA:50,36
DA:51,2
DA:54,40
DA:55,78
DA:56,38
DA:57,2
DA:60,10
DA:69,32
DA:70,36
DA:71,37
DA:72,33
DA:73,48
DA:74,38
LF:76
LH:48
end_of_record
TN:
SF:packages/datezone/utils.ts
FNF:3
FNH:3
DA:1,56
DA:3,57
DA:8,15
DA:9,16
DA:10,20
DA:11,17
DA:12,16
DA:13,17
DA:14,19
DA:15,19
DA:16,22
DA:17,2
DA:24,23
DA:25,65
DA:26,4
DA:27,10
DA:28,7
DA:29,4
DA:31,23
DA:32,12
DA:33,17
DA:34,10
DA:35,11
DA:36,13
DA:37,13
DA:38,9
DA:39,4
DA:42,54
DA:43,12
DA:44,2
DA:47,67
DA:48,33
DA:51,6
DA:52,6
DA:53,7
DA:54,5
DA:55,6
DA:56,8
DA:57,8
DA:58,4
DA:59,10
DA:60,3
DA:61,73
DA:64,54
DA:65,12
DA:66,2
DA:68,67
DA:69,32
LF:71
LH:48
end_of_record
TN:
SF:packages/datezone/week.ts
FNF:11
FNH:11
DA:1,35
DA:2,55
DA:3,40
DA:5,20
DA:6,18
DA:7,19
DA:8,15
DA:9,2
DA:16,66
DA:17,54
DA:18,54
DA:19,59
DA:22,18
DA:23,11
DA:24,68
DA:25,10
DA:34,23
DA:35,38
DA:36,65
DA:37,41
DA:38,50
DA:39,68
DA:40,78
DA:49,6
DA:50,4
DA:51,10
DA:52,3
DA:53,38
DA:54,65
DA:55,67
DA:56,29
DA:66,6
DA:67,6
DA:68,10
DA:69,31
DA:70,3
DA:71,40
DA:72,41
DA:75,39
DA:78,59
DA:80,21
DA:81,9
DA:82,10
DA:83,28
DA:84,3
DA:85,3
DA:86,3
DA:87,3
DA:88,8
DA:89,2
DA:99,6
DA:100,6
DA:101,10
DA:102,31
DA:103,3
DA:104,40
DA:105,41
DA:108,39
DA:111,41
DA:112,50
DA:114,21
DA:115,9
DA:116,10
DA:117,24
DA:118,4
DA:119,4
DA:120,4
DA:121,5
DA:122,8
DA:123,2
DA:134,6
DA:135,6
DA:136,8
DA:137,10
DA:138,3
DA:141,4
DA:142,29
DA:143,46
DA:144,5
DA:145,27
DA:146,2
DA:148,40
DA:149,21
DA:150,9
DA:151,10
DA:152,21
DA:153,3
DA:154,3
DA:155,3
DA:156,3
DA:157,8
DA:158,2
DA:169,6
DA:170,6
DA:171,8
DA:172,10
DA:173,3
DA:174,41
DA:184,6
DA:185,6
DA:186,10
DA:187,3
DA:188,51
DA:198,6
DA:199,6
DA:200,10
DA:201,3
DA:202,49
DA:214,6
DA:215,6
DA:216,10
DA:217,31
DA:218,3
DA:219,40
DA:222,66
DA:223,59
DA:226,60
DA:229,63
DA:233,64
DA:234,46
DA:237,52
DA:238,50
DA:239,38
DA:242,43
LF:244
LH:124
end_of_record
TN:
SF:packages/datezone/year.ts
FNF:8
FNH:8
DA:1,44
DA:2,40
DA:13,37
DA:17,18
DA:18,11
DA:19,68
DA:20,10
DA:23,23
DA:24,44
DA:25,17
DA:28,6
DA:29,4
DA:30,10
DA:31,3
DA:32,44
DA:33,64
DA:36,6
DA:37,6
DA:38,10
DA:39,3
DA:40,46
DA:41,55
DA:44,6
DA:45,6
DA:46,10
DA:47,3
DA:48,46
DA:49,62
DA:52,6
DA:53,6
DA:54,8
DA:55,10
DA:56,3
DA:57,34
DA:58,65
DA:59,6
DA:60,10
DA:61,7
DA:62,22
DA:63,23
DA:64,21
DA:65,22
DA:66,24
DA:67,21
DA:68,1
DA:69,6
DA:71,37
DA:72,24
DA:75,37
DA:76,21
DA:77,25
DA:78,56
DA:79,27
DA:80,21
DA:81,4
DA:82,4
DA:84,21
DA:85,12
DA:86,7
DA:87,11
DA:88,6
DA:89,8
DA:90,8
DA:91,13
DA:92,8
DA:93,1
DA:94,2
DA:96,69
DA:99,6
DA:100,6
DA:101,8
DA:102,10
DA:103,3
DA:104,41
DA:107,6
DA:108,6
DA:109,10
DA:110,3
DA:113,44
DA:114,23
LF:116
LH:80
end_of_record
